<?xml version="1.0" encoding="UTF-8"?>
<!-- Generated by org.testng.reporters.JUnitReportReporter -->
<testsuite hostname="LAPTOP-DE24LATN" failures="0" tests="1" name="Acmetek.ActionEDI.Login" time="5.614" errors="0" timestamp="08 Feb 2021 08:37:46 GMT" skipped="0">
  <testcase classname="Acmetek.ActionEDI.Login" name="userlogin" time="5.614"/>
</testsuite> <!-- Acmetek.ActionEDI.Login -->
