<?xml version="1.0" encoding="UTF-8"?>
<!-- Generated by org.testng.reporters.JUnitReportReporter -->
<testsuite hostname="LAPTOP-DE24LATN" failures="0" tests="1" name="Acmetek.ActionEDI.Login" time="6.758" errors="0" timestamp="10 Feb 2021 06:22:19 GMT" skipped="0">
  <testcase classname="Acmetek.ActionEDI.Login" name="userlogin" time="6.758"/>
</testsuite> <!-- Acmetek.ActionEDI.Login -->
